Traceback (most recent call last):
  File "/usr/local/lib/python3.10/dist-packages/jupyter_cache/executors/utils.py", line 51, in single_nb_execution
    executenb(
  File "/usr/lib/python3/dist-packages/nbclient/client.py", line 1093, in execute
    return NotebookClient(nb=nb, resources=resources, km=km, **kwargs).execute()
  File "/usr/lib/python3/dist-packages/nbclient/util.py", line 84, in wrapped
    return just_run(coro(*args, **kwargs))
  File "/usr/lib/python3/dist-packages/nbclient/util.py", line 62, in just_run
    return loop.run_until_complete(coro)
  File "/usr/lib/python3.10/asyncio/base_events.py", line 646, in run_until_complete
    return future.result()
  File "/usr/lib/python3/dist-packages/nbclient/client.py", line 559, in async_execute
    await self.async_execute_cell(
  File "/usr/lib/python3/dist-packages/nbclient/client.py", line 854, in async_execute_cell
    self._check_raise_for_error(cell, exec_reply)
  File "/usr/lib/python3/dist-packages/nbclient/client.py", line 756, in _check_raise_for_error
    raise CellExecutionError.from_cell_and_msg(cell, exec_reply_content)
nbclient.exceptions.CellExecutionError: An error occurred while executing the following cell:
------------------
G = nx.Graph()

for i,verb1 in tqdm(enumerate(biograficos.itertuples())):
    for j,verb2 in enumerate(biograficos.itertuples()):
        if j>=i:
            continue
        doc1 = nlp(verb1.corpo)
        doc2 = nlp(verb2.corpo)
        sim = doc1.similarity(doc2)
        # print(sim)
        if sim > 0.8:
            G.add_edge(verb1.title, verb2.title, weight=sim)
    if len(G.nodes)>20:
        break
            
------------------

[0;31m---------------------------------------------------------------------------[0m
[0;31mNameError[0m                                 Traceback (most recent call last)
Input [0;32mIn [14][0m, in [0;36m<cell line: 3>[0;34m()[0m
[1;32m      1[0m G [38;5;241m=[39m nx[38;5;241m.[39mGraph()
[0;32m----> 3[0m [38;5;28;01mfor[39;00m i,verb1 [38;5;129;01min[39;00m [43mtqdm[49m([38;5;28menumerate[39m(biograficos[38;5;241m.[39mitertuples())):
[1;32m      4[0m     [38;5;28;01mfor[39;00m j,verb2 [38;5;129;01min[39;00m [38;5;28menumerate[39m(biograficos[38;5;241m.[39mitertuples()):
[1;32m      5[0m         [38;5;28;01mif[39;00m j[38;5;241m>[39m[38;5;241m=[39mi:

[0;31mNameError[0m: name 'tqdm' is not defined
NameError: name 'tqdm' is not defined

