Traceback (most recent call last):
  File "/usr/local/lib/python3.10/dist-packages/jupyter_cache/executors/utils.py", line 58, in single_nb_execution
    executenb(
  File "/usr/local/lib/python3.10/dist-packages/nbclient/client.py", line 1204, in execute
    return NotebookClient(nb=nb, resources=resources, km=km, **kwargs).execute()
  File "/usr/local/lib/python3.10/dist-packages/nbclient/util.py", line 84, in wrapped
    return just_run(coro(*args, **kwargs))
  File "/usr/local/lib/python3.10/dist-packages/nbclient/util.py", line 62, in just_run
    return loop.run_until_complete(coro)
  File "/usr/lib/python3.10/asyncio/base_events.py", line 646, in run_until_complete
    return future.result()
  File "/usr/local/lib/python3.10/dist-packages/nbclient/client.py", line 663, in async_execute
    await self.async_execute_cell(
  File "/usr/local/lib/python3.10/dist-packages/nbclient/client.py", line 965, in async_execute_cell
    await self._check_raise_for_error(cell, cell_index, exec_reply)
  File "/usr/local/lib/python3.10/dist-packages/nbclient/client.py", line 862, in _check_raise_for_error
    raise CellExecutionError.from_cell_and_msg(cell, exec_reply_content)
nbclient.exceptions.CellExecutionError: An error occurred while executing the following cell:
------------------
G = nx.Graph()

for i,verb1 in tqdm(enumerate(biograficos.itertuples())):
    for j,verb2 in enumerate(biograficos.itertuples()):
        if j>=i:
            continue
        doc1 = nlp(verb1.corpo)
        doc2 = nlp(verb2.corpo)
        sim = doc1.similarity(doc2)
        # print(sim)
        if sim > 0.8:
            G.add_edge(verb1.title, verb2.title, weight=sim)
    if len(G.nodes)>20:
        break
            
------------------

[0;31m---------------------------------------------------------------------------[0m
[0;31mNameError[0m                                 Traceback (most recent call last)
[0;32m/tmp/ipykernel_4068461/3462566309.py[0m in [0;36m<cell line: 3>[0;34m()[0m
[1;32m      1[0m [0mG[0m [0;34m=[0m [0mnx[0m[0;34m.[0m[0mGraph[0m[0;34m([0m[0;34m)[0m[0;34m[0m[0;34m[0m[0m
[1;32m      2[0m [0;34m[0m[0m
[0;32m----> 3[0;31m [0;32mfor[0m [0mi[0m[0;34m,[0m[0mverb1[0m [0;32min[0m [0mtqdm[0m[0;34m([0m[0menumerate[0m[0;34m([0m[0mbiograficos[0m[0;34m.[0m[0mitertuples[0m[0;34m([0m[0;34m)[0m[0;34m)[0m[0;34m)[0m[0;34m:[0m[0;34m[0m[0;34m[0m[0m
[0m[1;32m      4[0m     [0;32mfor[0m [0mj[0m[0;34m,[0m[0mverb2[0m [0;32min[0m [0menumerate[0m[0;34m([0m[0mbiograficos[0m[0;34m.[0m[0mitertuples[0m[0;34m([0m[0;34m)[0m[0;34m)[0m[0;34m:[0m[0;34m[0m[0;34m[0m[0m
[1;32m      5[0m         [0;32mif[0m [0mj[0m[0;34m>=[0m[0mi[0m[0;34m:[0m[0;34m[0m[0;34m[0m[0m

[0;31mNameError[0m: name 'tqdm' is not defined
NameError: name 'tqdm' is not defined

