Traceback (most recent call last):
  File "/usr/local/lib/python3.10/dist-packages/jupyter_cache/executors/utils.py", line 51, in single_nb_execution
    executenb(
  File "/usr/lib/python3/dist-packages/nbclient/client.py", line 1269, in execute
    return NotebookClient(nb=nb, resources=resources, km=km, **kwargs).execute()
  File "/usr/lib/python3/dist-packages/nbclient/util.py", line 85, in wrapped
    return just_run(coro(*args, **kwargs))
  File "/usr/lib/python3/dist-packages/nbclient/util.py", line 60, in just_run
    return loop.run_until_complete(coro)
  File "/usr/lib/python3.10/asyncio/base_events.py", line 646, in run_until_complete
    return future.result()
  File "/usr/lib/python3/dist-packages/nbclient/client.py", line 707, in async_execute
    await self.async_execute_cell(
  File "/usr/lib/python3/dist-packages/nbclient/client.py", line 1025, in async_execute_cell
    await self._check_raise_for_error(cell, cell_index, exec_reply)
  File "/usr/lib/python3/dist-packages/nbclient/client.py", line 919, in _check_raise_for_error
    raise CellExecutionError.from_cell_and_msg(cell, exec_reply_content)
nbclient.exceptions.CellExecutionError: An error occurred while executing the following cell:
------------------
resultados = busca('"filho de"')
# print(resultados,type(resultados[0]), len(resultados[0]))
# type(resultados)
print('Resultados:', len(resultados))
for res in resultados[:10]:
    print(res[0]['title'])
    display(HTML(res[1]))
    print()
------------------

[0;31m---------------------------------------------------------------------------[0m
[0;31mNameError[0m                                 Traceback (most recent call last)
[0;32m/tmp/ipykernel_195777/3082022624.py[0m in [0;36m<cell line: 5>[0;34m()[0m
[1;32m      5[0m [0;32mfor[0m [0mres[0m [0;32min[0m [0mresultados[0m[0;34m[[0m[0;34m:[0m[0;36m10[0m[0;34m][0m[0;34m:[0m[0;34m[0m[0;34m[0m[0m
[1;32m      6[0m     [0mprint[0m[0;34m([0m[0mres[0m[0;34m[[0m[0;36m0[0m[0;34m][0m[0;34m[[0m[0;34m'title'[0m[0;34m][0m[0;34m)[0m[0;34m[0m[0;34m[0m[0m
[0;32m----> 7[0;31m     [0mdisplay[0m[0;34m([0m[0mHTML[0m[0;34m([0m[0mres[0m[0;34m[[0m[0;36m1[0m[0;34m][0m[0;34m)[0m[0;34m)[0m[0;34m[0m[0;34m[0m[0m
[0m[1;32m      8[0m     [0mprint[0m[0;34m([0m[0;34m)[0m[0;34m[0m[0;34m[0m[0m

[0;31mNameError[0m: name 'HTML' is not defined
NameError: name 'HTML' is not defined

